<?xml version="1.0" encoding="UTF-8"?>
<!-- Generated by org.testng.reporters.JUnitReportReporter -->
<testsuite hostname="Cibhichakaravarthi" failures="0" tests="5" name="demoblaze.tests.Checkout" time="47.569" errors="0" timestamp="2025-05-08T22:55:26 IST" skipped="0">
  <testcase classname="demoblaze.tests.Checkout" name="validateCheckoutWithExpiredCard" time="9.182"/>
  <system-out>
    <![CDATA[<img src= C:\Users\cibhi\eclipse-workspace\DemoBlaze1\screenshots\validateCheckoutWithExpiredCard.png width = 200px height=200px />
<img src= C:\Users\cibhi\eclipse-workspace\DemoBlaze1\screenshots\validateCheckoutWithExpiredCard.png width = 200px height=200px />]]>
  </system-out>
  <testcase classname="demoblaze.tests.Checkout" name="validateCheckoutProcess" time="8.929"/>
  <system-out>
    <![CDATA[<img src= C:\Users\cibhi\eclipse-workspace\DemoBlaze1\screenshots\validateCheckoutProcess.png width = 200px height=200px />
<img src= C:\Users\cibhi\eclipse-workspace\DemoBlaze1\screenshots\validateCheckoutProcess.png width = 200px height=200px />]]>
  </system-out>
  <testcase classname="demoblaze.tests.Checkout" name="validateCheckoutWithMultipleProducts" time="11.893"/>
  <system-out>
    <![CDATA[<img src= C:\Users\cibhi\eclipse-workspace\DemoBlaze1\screenshots\validateCheckoutWithMultipleProducts.png width = 200px height=200px />
<img src= C:\Users\cibhi\eclipse-workspace\DemoBlaze1\screenshots\validateCheckoutWithMultipleProducts.png width = 200px height=200px />]]>
  </system-out>
  <testcase classname="demoblaze.tests.Checkout" name="validateCheckoutWithInvalidCard" time="10.059"/>
  <system-out>
    <![CDATA[<img src= C:\Users\cibhi\eclipse-workspace\DemoBlaze1\screenshots\validateCheckoutWithInvalidCard.png width = 200px height=200px />
<img src= C:\Users\cibhi\eclipse-workspace\DemoBlaze1\screenshots\validateCheckoutWithInvalidCard.png width = 200px height=200px />]]>
  </system-out>
  <testcase classname="demoblaze.tests.Checkout" name="validateCheckoutWithoutDetails" time="7.506"/>
  <system-out>
    <![CDATA[<img src= C:\Users\cibhi\eclipse-workspace\DemoBlaze1\screenshots\validateCheckoutWithoutProcess.png width = 200px height=200px />
<img src= C:\Users\cibhi\eclipse-workspace\DemoBlaze1\screenshots\validateCheckoutWithoutDetails.png width = 200px height=200px />]]>
  </system-out>
</testsuite> <!-- demoblaze.tests.Checkout -->
