<?xml version="1.0" encoding="UTF-8"?>
<!-- Generated by org.testng.reporters.JUnitReportReporter -->
<testsuite hostname="Cibhichakaravarthi" failures="0" tests="3" name="demoblaze.tests.Login" time="13.009" errors="0" timestamp="2025-05-08T22:55:26 IST" skipped="0">
  <testcase classname="demoblaze.tests.Login" name="LoginWithValidDetails" time="5.592"/>
  <system-out>
    <![CDATA[<img src= C:\Users\cibhi\eclipse-workspace\DemoBlaze1\screenshots\LoginWithValidDetails.png width = 200px height=200px />
<img src= C:\Users\cibhi\eclipse-workspace\DemoBlaze1\screenshots\LoginWithValidDetails.png width = 200px height=200px />]]>
  </system-out>
  <testcase classname="demoblaze.tests.Login" name="LoginWithInvalidPassword" time="3.928"/>
  <system-out>
    <![CDATA[<img src= C:\Users\cibhi\eclipse-workspace\DemoBlaze1\screenshots\LoginWithInValidDetails.png width = 200px height=200px />
<img src= C:\Users\cibhi\eclipse-workspace\DemoBlaze1\screenshots\LoginWithInvalidPassword.png width = 200px height=200px />]]>
  </system-out>
  <testcase classname="demoblaze.tests.Login" name="LoginWithEmptyEmail" time="3.489"/>
  <system-out>
    <![CDATA[<img src= C:\Users\cibhi\eclipse-workspace\DemoBlaze1\screenshots\LoginWithEmptyEmail.png width = 200px height=200px />
<img src= C:\Users\cibhi\eclipse-workspace\DemoBlaze1\screenshots\LoginWithEmptyEmail.png width = 200px height=200px />]]>
  </system-out>
</testsuite> <!-- demoblaze.tests.Login -->
