<?xml version="1.0" encoding="UTF-8"?>
<!-- Generated by org.testng.reporters.JUnitReportReporter -->
<testsuite hostname="Cibhichakaravarthi" failures="0" tests="3" name="demoblaze.tests.ShoppingCart" time="40.546" errors="0" timestamp="2025-05-08T22:55:26 IST" skipped="0">
  <testcase classname="demoblaze.tests.ShoppingCart" name="removeProductFromCart" time="20.719"/>
  <system-out>
    <![CDATA[<img src= C:\Users\cibhi\eclipse-workspace\DemoBlaze1\screenshots\removeProductFromCart.png width = 200px height=200px />
<img src= C:\Users\cibhi\eclipse-workspace\DemoBlaze1\screenshots\removeProductFromCart.png width = 200px height=200px />]]>
  </system-out>
  <testcase classname="demoblaze.tests.ShoppingCart" name="addMultipleProductsToCart" time="11.278"/>
  <system-out>
    <![CDATA[<img src= C:\Users\cibhi\eclipse-workspace\DemoBlaze1\screenshots\addMultipleProductsToCart.png width = 200px height=200px />
<img src= C:\Users\cibhi\eclipse-workspace\DemoBlaze1\screenshots\addMultipleProductsToCart.png width = 200px height=200px />]]>
  </system-out>
  <testcase classname="demoblaze.tests.ShoppingCart" name="validateAddToCartWithoutLogin" time="8.549"/>
  <system-out>
    <![CDATA[<img src= C:\Users\cibhi\eclipse-workspace\DemoBlaze1\screenshots\validateAddToCartWithoutLogin.png width = 200px height=200px />
<img src= C:\Users\cibhi\eclipse-workspace\DemoBlaze1\screenshots\validateAddToCartWithoutLogin.png width = 200px height=200px />]]>
  </system-out>
</testsuite> <!-- demoblaze.tests.ShoppingCart -->
