<?xml version="1.0" encoding="UTF-8"?>
<!-- Generated by org.testng.reporters.JUnitReportReporter -->
<testsuite hostname="Cibhichakaravarthi" failures="0" tests="5" name="demoblaze.tests.SignUp" time="24.061" errors="0" timestamp="2025-05-08T22:55:26 IST" skipped="0">
  <testcase classname="demoblaze.tests.SignUp" name="SignUpWithValidDetails" time="6.198"/>
  <system-out>
    <![CDATA[<img src= C:\Users\cibhi\eclipse-workspace\DemoBlaze1\screenshots\SignUpWithValidDetails.png width = 200px height=200px />
<img src= C:\Users\cibhi\eclipse-workspace\DemoBlaze1\screenshots\SignUpWithValidDetails.png width = 200px height=200px />]]>
  </system-out>
  <testcase classname="demoblaze.tests.SignUp" name="SignUpWithExistingUsername" time="5.689"/>
  <system-out>
    <![CDATA[<img src= C:\Users\cibhi\eclipse-workspace\DemoBlaze1\screenshots\SigupWithExistingDetails.png width = 200px height=200px />
<img src= C:\Users\cibhi\eclipse-workspace\DemoBlaze1\screenshots\SignUpWithExistingUsername.png width = 200px height=200px />]]>
  </system-out>
  <testcase classname="demoblaze.tests.SignUp" name="SignUpWithEmptyUsername" time="3.465"/>
  <system-out>
    <![CDATA[<img src= C:\Users\cibhi\eclipse-workspace\DemoBlaze1\screenshots\SigupWithEmptyUsername.png width = 200px height=200px />
<img src= C:\Users\cibhi\eclipse-workspace\DemoBlaze1\screenshots\SignUpWithEmptyUsername.png width = 200px height=200px />]]>
  </system-out>
  <testcase classname="demoblaze.tests.SignUp" name="SignUpWithEmptyPassword" time="4.867"/>
  <system-out>
    <![CDATA[<img src= C:\Users\cibhi\eclipse-workspace\DemoBlaze1\screenshots\SigupWithEmptyPassword.png width = 200px height=200px />
<img src= C:\Users\cibhi\eclipse-workspace\DemoBlaze1\screenshots\SignUpWithEmptyPassword.png width = 200px height=200px />]]>
  </system-out>
  <testcase classname="demoblaze.tests.SignUp" name="SignUpWithEmptyFields" time="3.842"/>
  <system-out>
    <![CDATA[<img src= C:\Users\cibhi\eclipse-workspace\DemoBlaze1\screenshots\SigupWithEmptyDetails.png width = 200px height=200px />
<img src= C:\Users\cibhi\eclipse-workspace\DemoBlaze1\screenshots\SignUpWithEmptyFields.png width = 200px height=200px />]]>
  </system-out>
</testsuite> <!-- demoblaze.tests.SignUp -->
